[debug] [2022-12-16T13:29:24.106Z] ----------------------------------------------------------------------
[debug] [2022-12-16T13:29:24.106Z] Command:       /usr/local/bin/node /usr/local/bin/firebase init
[debug] [2022-12-16T13:29:24.107Z] CLI Version:   11.18.0
[debug] [2022-12-16T13:29:24.107Z] Platform:      darwin
[debug] [2022-12-16T13:29:24.107Z] Node Version:  v18.12.1
[debug] [2022-12-16T13:29:24.107Z] Time:          Fri Dec 16 2022 22:29:24 GMT+0900 (대한민국 표준시)
[debug] [2022-12-16T13:29:24.108Z] ----------------------------------------------------------------------
[debug] 
[debug] [2022-12-16T13:29:24.110Z] > command requires scopes: ["email","openid","https://www.googleapis.com/auth/cloudplatformprojects.readonly","https://www.googleapis.com/auth/firebase","https://www.googleapis.com/auth/cloud-platform"]
[debug] [2022-12-16T13:29:24.110Z] > authorizing via signed-in user (xxxnewzu@gmail.com)
[info] 
     ######## #### ########  ######## ########     ###     ######  ########
     ##        ##  ##     ## ##       ##     ##  ##   ##  ##       ##
     ######    ##  ########  ######   ########  #########  ######  ######
     ##        ##  ##    ##  ##       ##     ## ##     ##       ## ##
     ##       #### ##     ## ######## ########  ##     ##  ######  ########

You're about to initialize a Firebase project in this directory:

  /Users/yuju/Documents/StudyMovie/movie

[info] 
=== Project Setup
[info] 
[info] First, let's associate this project directory with a Firebase project.
[info] You can create multiple project aliases by running firebase use --add, 
[info] but for now we'll just set up a default project.
[info] 
[debug] [2022-12-16T13:30:03.990Z] >>> [apiv2][query] GET https://firebase.googleapis.com/v1beta1/projects pageSize=100
[debug] [2022-12-16T13:30:04.769Z] <<< [apiv2][status] GET https://firebase.googleapis.com/v1beta1/projects 200
[debug] [2022-12-16T13:30:04.769Z] <<< [apiv2][body] GET https://firebase.googleapis.com/v1beta1/projects [omitted]
[info] i  Using project netflix-code-f2ef0 (netflix-code) 
[info] 
=== Hosting Setup
[info] 
[info] Your public directory is the folder (relative to your project directory) that
[info] will contain Hosting assets to be uploaded with firebase deploy. If you
[info] have a build process for your assets, use your build's output directory.
[info] 
[debug] [2022-12-16T13:31:23.995Z] >>> [apiv2][query] GET https://www.gstatic.com/firebasejs/releases.json [none]
[debug] [2022-12-16T13:31:24.349Z] <<< [apiv2][status] GET https://www.gstatic.com/firebasejs/releases.json 200
[debug] [2022-12-16T13:31:24.349Z] <<< [apiv2][body] GET https://www.gstatic.com/firebasejs/releases.json {"current":{"version":"9.15.0","browserURL":"https://www.gstatic.com/firebasejs/9.15.0/firebase.js","packageURL":"https://www.gstatic.com/firebasejs/9.15.0/firebase.tgz"},"live":{"version":"9.15","browserURL":"https://www.gstatic.com/firebasejs/live/9.15/firebase.js","packageURL":"https://www.gstatic.com/firebasejs/live/9.15/firebase.tgz"},"components":{"analytics":"https://www.gstatic.com/firebasejs/9.15.0/firebase-analytics.js","app":"https://www.gstatic.com/firebasejs/9.15.0/firebase-app.js","app-check":"https://www.gstatic.com/firebasejs/9.15.0/firebase-app-check.js","auth":"https://www.gstatic.com/firebasejs/9.15.0/firebase-auth.js","auth/cordova":"https://www.gstatic.com/firebasejs/9.15.0/firebase-auth/cordova.js","auth/react-native":"https://www.gstatic.com/firebasejs/9.15.0/firebase-auth/react-native.js","functions":"https://www.gstatic.com/firebasejs/9.15.0/firebase-functions.js","firestore":"https://www.gstatic.com/firebasejs/9.15.0/firebase-firestore.js","firestore/lite":"https://www.gstatic.com/firebasejs/9.15.0/firebase-firestore/lite.js","installations":"https://www.gstatic.com/firebasejs/9.15.0/firebase-installations.js","storage":"https://www.gstatic.com/firebasejs/9.15.0/firebase-storage.js","performance":"https://www.gstatic.com/firebasejs/9.15.0/firebase-performance.js","remote-config":"https://www.gstatic.com/firebasejs/9.15.0/firebase-remote-config.js","messaging":"https://www.gstatic.com/firebasejs/9.15.0/firebase-messaging.js","messaging/sw":"https://www.gstatic.com/firebasejs/9.15.0/firebase-messaging/sw.js","database":"https://www.gstatic.com/firebasejs/9.15.0/firebase-database.js","firestore.memory":"https://www.gstatic.com/firebasejs/9.15.0/firebase-firestore.memory.js"}}
[info] ✔  Wrote build/index.html 
[info] 
[info] i  Detected a .git folder at /Users/yuju/Documents/StudyMovie/movie 
[info] i  Authorizing with GitHub to upload your service account to a GitHub repository's secrets store. 
[info] 
[info] Visit this URL on this device to log in:
[info] https://github.com/login/oauth/authorize?client_id=89cf50f02ac6aaed3484&state=835103789&redirect_uri=http%3A%2F%2Flocalhost%3A9005&scope=read%3Auser%20repo%20public_repo
[info] 
[info] Waiting for authentication...
[debug] [2022-12-16T13:31:45.156Z] >>> [apiv2][query] POST https://github.com/login/oauth/access_token [none]
[debug] [2022-12-16T13:31:45.156Z] >>> [apiv2][body] POST https://github.com/login/oauth/access_token [stream]
[debug] [2022-12-16T13:31:45.669Z] <<< [apiv2][status] POST https://github.com/login/oauth/access_token 200
[debug] [2022-12-16T13:31:45.669Z] <<< [apiv2][body] POST https://github.com/login/oauth/access_token {"access_token":"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","token_type":"bearer","scope":"read:user,repo"}
[debug] [2022-12-16T13:31:45.679Z] >>> [apiv2][query] GET https://api.github.com/user [none]
[debug] [2022-12-16T13:31:46.047Z] <<< [apiv2][status] GET https://api.github.com/user 200
[debug] [2022-12-16T13:31:46.048Z] <<< [apiv2][body] GET https://api.github.com/user {"login":"yujuann","id":103945773,"node_id":"U_kgDOBjIWLQ","avatar_url":"https://avatars.githubusercontent.com/u/103945773?v=4","gravatar_id":"","url":"https://api.github.com/users/yujuann","html_url":"https://github.com/yujuann","followers_url":"https://api.github.com/users/yujuann/followers","following_url":"https://api.github.com/users/yujuann/following{/other_user}","gists_url":"https://api.github.com/users/yujuann/gists{/gist_id}","starred_url":"https://api.github.com/users/yujuann/starred{/owner}{/repo}","subscriptions_url":"https://api.github.com/users/yujuann/subscriptions","organizations_url":"https://api.github.com/users/yujuann/orgs","repos_url":"https://api.github.com/users/yujuann/repos","events_url":"https://api.github.com/users/yujuann/events{/privacy}","received_events_url":"https://api.github.com/users/yujuann/received_events","type":"User","site_admin":false,"name":null,"company":null,"blog":"","location":null,"email":null,"hireable":null,"bio":null,"twitter_username":null,"public_repos":14,"public_gists":0,"followers":2,"following":3,"created_at":"2022-04-18T14:25:11Z","updated_at":"2022-12-12T12:45:28Z","private_gists":0,"total_private_repos":3,"owned_private_repos":3,"disk_usage":29507,"collaborators":0,"two_factor_authentication":false,"plan":{"name":"free","space":976562499,"collaborators":0,"private_repos":10000}}
[info] 
[info] ✔  Success! Logged into GitHub as yujuann 
[info] 
